TN:
SF:/data/home/user00/tools/luacoverage/code/bin/common/log.lua
FN:24,[function _G.log_open(filename, max_line)]
FN:29,[function _G.log_close()]
FN:41,[function rename_files(ext)]
FN:55,[function log_write(cate, fmt, ...)]
FN:93,[function stat_log_write(cate, fmt, ...)]
FN:130,[function _G.log_debug(fmt, ...)]
FN:134,[function _G.log_info(fmt, ...)]
FN:138,[function _G.log_warn(fmt, ...)]
FN:142,[function _G.log_err(fmt, ...)]
FN:146,[function _G.log_alert(fmt, ...)]
FN:150,[function _G.log_fatal(fmt, ...)]
FN:154,[function _G.log_head(head, fmt, ...)]
FN:158,[function _G.log_traceback(fmt, ...)]
FN:166,[_G.print = function(text)]
FN:170,[hive.print = function(text)]
FN:174,[hive.print_error = function(text)]
FN:178,[function _G.log_stat(fmt, ...)]
FN:185,[local function create_netlogs()]
FN:243,[local function cache_tlog_cfunction(cache)]
FN:270,[function reload_netlogs()]
FN:308,[function _G.get_tlog_zone_area_by_world_id(svr_id)]
FN:318,[function _G.log_net(key, ...)]
FN:328,[local function time33(str)]
FN:342,[function _G.log_net_hash(key, hash, ...)]
FN:385,[function _G.log_net_table_hash(log_name, hash, log_table)]
FN:416,[function _G.log_error_net_hash(err_type, fmt, ...)]
FN:453,[function _G.debug.traceback_tlog(...)]
FN:459,[function _G.debug.traceback_c(...)]
FN:465,[function _G.log_match_hash(key, hash, ...)]
FNDA:0,[function _G.log_open(filename, max_line)]
FNDA:0,[function _G.log_close()]
FNDA:0,[function rename_files(ext)]
FNDA:952,[function log_write(cate, fmt, ...)]
FNDA:1474,[function stat_log_write(cate, fmt, ...)]
FNDA:43,[function _G.log_debug(fmt, ...)]
FNDA:43,[function _G.log_info(fmt, ...)]
FNDA:0,[function _G.log_warn(fmt, ...)]
FNDA:0,[function _G.log_err(fmt, ...)]
FNDA:0,[function _G.log_alert(fmt, ...)]
FNDA:0,[function _G.log_fatal(fmt, ...)]
FNDA:0,[function _G.log_head(head, fmt, ...)]
FNDA:0,[function _G.log_traceback(fmt, ...)]
FNDA:0,[_G.print = function(text)]
FNDA:0,[hive.print = function(text)]
FNDA:0,[hive.print_error = function(text)]
FNDA:134,[function _G.log_stat(fmt, ...)]
FNDA:0,[local function create_netlogs()]
FNDA:0,[local function cache_tlog_cfunction(cache)]
FNDA:0,[function reload_netlogs()]
FNDA:0,[function _G.get_tlog_zone_area_by_world_id(svr_id)]
FNDA:0,[function _G.log_net(key, ...)]
FNDA:0,[local function time33(str)]
FNDA:756,[function _G.log_net_hash(key, hash, ...)]
FNDA:0,[function _G.log_net_table_hash(log_name, hash, log_table)]
FNDA:0,[function _G.log_error_net_hash(err_type, fmt, ...)]
FNDA:0,[function _G.debug.traceback_tlog(...)]
FNDA:0,[function _G.debug.traceback_c(...)]
FNDA:0,[function _G.log_match_hash(key, hash, ...)]
FNF:29
FNH:6
DA:25,0
DA:26,0
DA:30,0
DA:31,0
DA:32,0
DA:35,0
DA:36,0
DA:37,0
DA:42,0
DA:43,0
DA:44,0
DA:45,0
DA:46,0
DA:47,0
DA:48,0
DA:50,0
DA:51,0
DA:52,0
DA:56,86
DA:57,0
DA:60,86
DA:61,86
DA:62,86
DA:63,86
DA:64,86
DA:65,0
DA:68,86
DA:69,86
DA:70,0
DA:73,86
DA:74,1
DA:75,1
DA:77,1
DA:78,0
DA:79,0
DA:82,1
DA:83,1
DA:84,0
DA:86,1
DA:89,86
DA:90,86
DA:94,134
DA:95,0
DA:98,134
DA:99,134
DA:100,134
DA:101,134
DA:102,134
DA:103,0
DA:106,134
DA:107,134
DA:108,0
DA:111,134
DA:112,0
DA:113,0
DA:114,0
DA:116,0
DA:117,0
DA:118,0
DA:119,0
DA:120,0
DA:122,0
DA:125,134
DA:126,134
DA:131,43
DA:135,43
DA:139,0
DA:143,0
DA:147,0
DA:151,0
DA:155,0
DA:159,0
DA:160,0
DA:167,0
DA:171,0
DA:175,0
DA:179,134
DA:186,0
DA:187,0
DA:190,0
DA:191,0
DA:192,0
DA:196,0
DA:197,0
DA:198,0
DA:199,0
DA:203,0
DA:204,0
DA:205,0
DA:206,0
DA:208,0
DA:209,0
DA:215,0
DA:217,0
DA:218,0
DA:219,0
DA:220,0
DA:222,0
DA:223,0
DA:227,0
DA:230,0
DA:244,0
DA:246,0
DA:247,0
DA:248,0
DA:249,0
DA:250,0
DA:251,0
DA:254,0
DA:255,0
DA:256,0
DA:257,0
DA:258,0
DA:259,0
DA:260,0
DA:271,0
DA:272,0
DA:273,0
DA:275,0
DA:276,0
DA:278,0
DA:280,0
DA:283,0
DA:284,0
DA:286,0
DA:288,0
DA:291,0
DA:309,0
DA:320,0
DA:321,0
DA:322,0
DA:323,0
DA:329,0
DA:330,0
DA:331,0
DA:332,0
DA:333,0
DA:335,0
DA:343,84
DA:344,84
DA:345,84
DA:346,0
DA:349,84
DA:350,84
DA:351,84
DA:352,0
DA:353,0
DA:355,0
DA:359,84
DA:360,84
DA:361,84
DA:386,0
DA:387,0
DA:388,0
DA:389,0
DA:392,0
DA:393,0
DA:394,0
DA:395,0
DA:396,0
DA:398,0
DA:402,0
DA:403,0
DA:406,0
DA:417,0
DA:419,0
DA:420,0
DA:421,0
DA:422,0
DA:423,0
DA:424,0
DA:425,0
DA:426,0
DA:429,0
DA:430,0
DA:431,0
DA:432,0
DA:433,0
DA:435,0
DA:439,0
DA:440,0
DA:441,0
DA:442,0
DA:443,0
DA:445,0
DA:446,0
DA:447,0
DA:454,0
DA:455,0
DA:456,0
DA:460,0
DA:461,0
DA:462,0
DA:466,0
DA:467,0
DA:468,0
DA:469,0
DA:472,0
DA:473,0
DA:474,0
DA:475,0
DA:476,0
DA:478,0
DA:482,0
DA:483,0
DA:484,0
LF:266
LH:40
end_of_record
SF:/data/home/user00/tools/luacoverage/code/bin/common/tlog.lua
FN:21,[local function printf(...)]
FN:25,[_G.log_tree = _G.log_tree or function()end]
FN:97,[local function fill_default_value(target, default)]
FN:106,[local function auto_fill_device_info(device_info)]
FN:118,[local function auto_fill_category_info(category_info)]
FN:134,[local function auto_fill_context_info(context_info)]
FN:148,[local function create_device_configure(device_info)]
FN:153,[return_text = string_gsub(TLOG_DEVICE_TYPE_NET, "{%%([%w_]+)%%}", function(n) return tostring(device_info[n]) end)]
FN:157,[return_text = string_gsub(TLOG_DEVICE_TYPE_FILE, "{%%([%w_]+)%%}", function(n) return tostring(device_info[n]) end)]
FN:163,[local function create_category_configure(category_info)]
FN:164,[return string_gsub(TLOG_CATEGORY_TEMPLATE, "{%%([%w_]+)%%}", function(n)]
FN:173,[local function create_context_configure(context_info)]
FN:174,[return string_gsub(TLOG_CONTEXT_TEMPLATE, "{%%([%w_]+)%%}", function(n)]
FN:206,[local function tlog_replace_nil() end]
FN:274,[local function tlog_replace_old(new_function, replaces, save_list, log)]
FN:295,[local function close_old_log()]
FN:307,[local function tlog_install(categorys)]
FN:325,[local function tlog_adapter(object, name)]
FN:329,[return function(...) end]
FN:332,[local function tlog_adapt_not_exists()]
FN:352,[local function tlog_recover(save_list)]
FN:393,[local function get_cxx_category()]
FN:399,[local function set_cxx_category(cxxhandle)]
FN:404,[local function add_cxx_category_protector()]
FN:410,[__index = function (self, k)]
FN:415,[__newindex = function(self, k, v)]
FN:439,[local function del_cxx_category_protector()]
FN:457,[local function initialize_enviroment_context(context, categorys)]
FN:470,[function data.recover()]
FN:484,[__index = function(self, k)]
FN:487,[__newindex = function(self, k, v)]
FN:490,[__gc = function() -- 被销毁就会回滚, 日志上下文与ctx同在]
FN:502,[local function finish_environment_context()]
FN:512,[local function get_output_name()]
FN:526,[local function initialize_tlog_context(configure, category_name, module_name, host_name)]
FN:597,[string_gsub(new_format, "[^%g]", function(s) return string_format("\\%03d", string_byte(s, 1, 1)) end))]
FN:610,[function doload_tlog_context(configure)]
FN:642,[function finish_tlog_context()]
FN:646,[function basic_config(file, level)]
FNDA:0,[local function printf(...)]
FNDA:0,[_G.log_tree = _G.log_tree or function()end]
FNDA:134,[local function fill_default_value(target, default)]
FNDA:18,[local function auto_fill_device_info(device_info)]
FNDA:66,[local function auto_fill_category_info(category_info)]
FNDA:26,[local function auto_fill_context_info(context_info)]
FNDA:42,[local function create_device_configure(device_info)]
FNDA:12,[return_text = string_gsub(TLOG_DEVICE_TYPE_NET, "{%%([%w_]+)%%}", function(n) return tostring(device_info[n]) end)]
FNDA:0,[return_text = string_gsub(TLOG_DEVICE_TYPE_FILE, "{%%([%w_]+)%%}", function(n) return tostring(device_info[n]) end)]
FNDA:96,[local function create_category_configure(category_info)]
FNDA:84,[return string_gsub(TLOG_CATEGORY_TEMPLATE, "{%%([%w_]+)%%}", function(n)]
FNDA:32,[local function create_context_configure(context_info)]
FNDA:28,[return string_gsub(TLOG_CONTEXT_TEMPLATE, "{%%([%w_]+)%%}", function(n)]
FNDA:0,[local function tlog_replace_nil() end]
FNDA:518,[local function tlog_replace_old(new_function, replaces, save_list, log)]
FNDA:10,[local function close_old_log()]
FNDA:154,[local function tlog_install(categorys)]
FNDA:0,[local function tlog_adapter(object, name)]
FNDA:0,[return function(...) end]
FNDA:0,[local function tlog_adapt_not_exists()]
FNDA:129,[local function tlog_recover(save_list)]
FNDA:6,[local function get_cxx_category()]
FNDA:4,[local function set_cxx_category(cxxhandle)]
FNDA:21,[local function add_cxx_category_protector()]
FNDA:0,[__index = function (self, k)]
FNDA:4,[__newindex = function(self, k, v)]
FNDA:0,[local function del_cxx_category_protector()]
FNDA:33,[local function initialize_enviroment_context(context, categorys)]
FNDA:5,[function data.recover()]
FNDA:1,[__index = function(self, k)]
FNDA:0,[__newindex = function(self, k, v)]
FNDA:0,[__gc = function() -- 被销毁就会回滚, 日志上下文与ctx同在]
FNDA:0,[local function finish_environment_context()]
FNDA:8,[local function get_output_name()]
FNDA:132,[local function initialize_tlog_context(configure, category_name, module_name, host_name)]
FNDA:10,[string_gsub(new_format, "[^%g]", function(s) return string_format("\\%03d", string_byte(s, 1, 1)) end))]
FNDA:20,[function doload_tlog_context(configure)]
FNDA:0,[function finish_tlog_context()]
FNDA:0,[function basic_config(file, level)]
FNF:39
FNH:25
DA:22,0
DA:98,10
DA:99,62
DA:100,52
DA:103,10
DA:107,6
DA:108,6
DA:109,0
DA:112,0
DA:115,6
DA:119,12
DA:120,6
DA:121,6
DA:122,6
DA:123,6
DA:124,6
DA:125,6
DA:126,6
DA:129,6
DA:131,6
DA:135,4
DA:136,2
DA:137,2
DA:138,2
DA:141,8
DA:142,6
DA:145,2
DA:149,6
DA:150,6
DA:152,6
DA:153,12
DA:156,6
DA:157,0
DA:160,6
DA:164,12
DA:165,42
DA:166,6
DA:168,36
DA:174,4
DA:175,6
DA:176,2
DA:177,8
DA:178,6
DA:180,2
DA:182,4
DA:275,32
DA:276,70
DA:277,80
DA:278,84
DA:279,42
DA:280,42
DA:281,42
DA:282,42
DA:283,42
DA:284,42
DA:286,0
DA:287,0
DA:296,2
DA:297,2
DA:298,2
DA:301,2
DA:302,1
DA:303,1
DA:308,2
DA:310,2
DA:312,6
DA:313,4
DA:314,38
DA:315,34
DA:316,34
DA:317,32
DA:322,2
DA:329,0
DA:333,0
DA:334,0
DA:335,0
DA:336,0
DA:337,0
DA:338,0
DA:339,0
DA:340,0
DA:341,0
DA:353,1
DA:355,1
DA:356,22
DA:357,21
DA:358,21
DA:359,21
DA:360,21
DA:361,21
DA:363,0
DA:364,0
DA:394,2
DA:395,2
DA:396,2
DA:400,2
DA:401,2
DA:405,2
DA:407,2
DA:410,0
DA:411,0
DA:415,0
DA:416,2
DA:417,0
DA:419,2
DA:423,2
DA:424,2
DA:425,1
DA:429,2
DA:430,0
DA:433,2
DA:434,2
DA:435,2
DA:440,0
DA:442,0
DA:443,0
DA:444,0
DA:448,0
DA:449,0
DA:452,0
DA:458,2
DA:459,1
DA:462,2
DA:464,2
DA:465,2
DA:466,2
DA:468,2
DA:470,2
DA:471,1
DA:472,1
DA:473,1
DA:474,1
DA:476,1
DA:477,0
DA:481,2
DA:483,2
DA:484,0
DA:485,1
DA:487,0
DA:488,0
DA:490,0
DA:491,0
DA:495,2
DA:497,2
DA:498,2
DA:499,2
DA:503,0
DA:504,0
DA:506,0
DA:507,0
DA:513,2
DA:514,2
DA:515,2
DA:516,0
DA:517,0
DA:519,0
DA:521,2
DA:527,2
DA:528,0
DA:531,2
DA:532,0
DA:535,2
DA:537,2
DA:538,8
DA:539,6
DA:540,6
DA:541,2
DA:542,0
DA:545,6
DA:546,0
DA:550,2
DA:551,0
DA:554,2
DA:555,2
DA:556,2
DA:558,2
DA:559,0
DA:562,2
DA:563,2
DA:564,2
DA:565,0
DA:568,2
DA:570,2
DA:571,2
DA:572,2
DA:573,2
DA:575,0
DA:578,2
DA:579,2
DA:580,0
DA:583,2
DA:584,2
DA:585,0
DA:589,6
DA:590,4
DA:591,4
DA:592,4
DA:593,4
DA:594,4
DA:595,8
DA:596,4
DA:597,10
DA:598,4
DA:599,4
DA:600,0
DA:603,4
DA:607,2
DA:611,2
DA:612,0
DA:613,0
DA:616,2
DA:618,2
DA:619,2
DA:620,0
DA:623,2
DA:624,2
DA:627,2
DA:628,0
DA:629,0
DA:632,2
DA:634,2
DA:635,0
DA:636,0
DA:639,2
DA:643,0
DA:647,0
DA:648,0
DA:649,0
DA:650,0
DA:651,0
DA:652,0
DA:653,0
DA:654,0
DA:655,0
DA:656,0
DA:660,0
DA:661,0
DA:662,0
DA:665,0
LF:324
LH:163
end_of_record
SF:/data/home/user00/tools/luacoverage/code/bin/common/tbus_id.lua
FN:131,[function tbus_recode_id(id)]
FN:154,[function make_tbus_id(world_id, zone_id, group_id, instance_id)]
FN:160,[function tbus_make_one_mask(n)]
FN:169,[function tbus_get_world_id(id)]
FN:174,[function tbus_get_zone_id(id)]
FN:179,[function tbus_get_group_id(id)]
FN:184,[function tbus_get_instance_id(id)]
FN:188,[function tbus_ntoa(id)]
FN:197,[function tbus_aton(id)]
FN:206,[function ip_to_svrid(ip)]
FNDA:7539,[function tbus_recode_id(id)]
FNDA:0,[function make_tbus_id(world_id, zone_id, group_id, instance_id)]
FNDA:0,[function tbus_make_one_mask(n)]
FNDA:0,[function tbus_get_world_id(id)]
FNDA:0,[function tbus_get_zone_id(id)]
FNDA:725,[function tbus_get_group_id(id)]
FNDA:350,[function tbus_get_instance_id(id)]
FNDA:12,[function tbus_ntoa(id)]
FNDA:0,[function tbus_aton(id)]
FNDA:0,[function ip_to_svrid(ip)]
FNF:10
FNH:4
DA:132,1077
DA:133,1077
DA:134,1077
DA:135,1077
DA:136,1077
DA:138,1077
DA:139,0
DA:142,1077
DA:155,0
DA:156,0
DA:161,0
DA:162,0
DA:163,0
DA:165,0
DA:170,0
DA:175,0
DA:180,725
DA:185,350
DA:189,2
DA:190,2
DA:191,2
DA:192,2
DA:193,2
DA:194,2
DA:198,0
DA:199,0
DA:201,0
DA:207,0
DA:208,0
DA:210,0
LF:163
LH:15
end_of_record
